# JRE version: Java(TM) SE Runtime Environment (7.0_51-b13) (build 1.7.0_51-b13)
# Java VM: Java HotSpot(TM) Client VM (24.51-b03 mixed mode, sharing windows-x86 )
Heap
 def new generation   total 4928K, used 2045K [0x242c0000, 0x24810000, 0x29810000)
  eden space 4416K,  42% used [0x242c0000, 0x2449a258, 0x24710000)
  from space 512K,  29% used [0x24790000, 0x247b5340, 0x24810000)
  to   space 512K,   0% used [0x24710000, 0x24710000, 0x24790000)
 tenured generation   total 10944K, used 5099K [0x29810000, 0x2a2c0000, 0x342c0000)
   the space 10944K,  46% used [0x29810000, 0x29d0af88, 0x29d0b000, 0x2a2c0000)
 compacting perm gen  total 12288K, used 3761K [0x342c0000, 0x34ec0000, 0x382c0000)
   the space 12288K,  30% used [0x342c0000, 0x3466c650, 0x3466c800, 0x34ec0000)
    ro space 10240K,  41% used [0x382c0000, 0x386f2050, 0x386f2200, 0x38cc0000)
    rw space 12288K,  52% used [0x38cc0000, 0x39306800, 0x39306800, 0x398c0000)
GC Heap History (10 events):
Event: 4.593 GC heap before
{Heap before GC invocations=24 (full 0):
 def new generation   total 4928K, used 4928K [0x242c0000, 0x24810000, 0x29810000)
  eden space 4416K, 100% used [0x242c0000, 0x24710000, 0x24710000)
  from space 512K, 100% used [0x24710000, 0x24790000, 0x24790000)
  to   space 512K,   0% used [0x24790000, 0x24790000, 0x24810000)
 tenured generation   total 10944K, used 4281K [0x29810000, 0x2a2c0000, 0x342c0000)
   the space 10944K,  39% used [0x29810000, 0x29c3e790, 0x29c3e800, 0x2a2c0000)
 compacting perm gen  total 12288K, used 3750K [0x342c0000, 0x34ec0000, 0x382c0000)
   the space 12288K,  30% used [0x342c0000, 0x34669890, 0x34669a00, 0x34ec0000)
    ro space 10240K,  41% used [0x382c0000, 0x386f2050, 0x386f2200, 0x38cc0000)
    rw space 12288K,  52% used [0x38cc0000, 0x39306800, 0x39306800, 0x398c0000)
Event: 4.599 GC heap after
Heap after GC invocations=25 (full 0):
 def new generation   total 4928K, used 333K [0x242c0000, 0x24810000, 0x29810000)
  eden space 4416K,   0% used [0x242c0000, 0x242c0000, 0x24710000)
  from space 512K,  65% used [0x24790000, 0x247e3550, 0x24810000)
  to   space 512K,   0% used [0x24710000, 0x24710000, 0x24790000)
 tenured generation   total 10944K, used 4788K [0x29810000, 0x2a2c0000, 0x342c0000)
   the space 10944K,  43% used [0x29810000, 0x29cbd098, 0x29cbd200, 0x2a2c0000)
 compacting perm gen  total 12288K, used 3750K [0x342c0000, 0x34ec0000, 0x382c0000)
   the space 12288K,  30% used [0x342c0000, 0x34669890, 0x34669a00, 0x34ec0000)
    ro space 10240K,  41% used [0x382c0000, 0x386f2050, 0x386f2200, 0x38cc0000)
    rw space 12288K,  52% used [0x38cc0000, 0x39306800, 0x39306800, 0x398c0000)
}
Event: 9.585 GC heap before
{Heap before GC invocations=25 (full 0):
 def new generation   total 4928K, used 4749K [0x242c0000, 0x24810000, 0x29810000)
  eden space 4416K, 100% used [0x242c0000, 0x24710000, 0x24710000)
  from space 512K,  65% used [0x24790000, 0x247e3550, 0x24810000)
  to   space 512K,   0% used [0x24710000, 0x24710000, 0x24790000)
 tenured generation   total 10944K, used 4788K [0x29810000, 0x2a2c0000, 0x342c0000)
   the space 10944K,  43% used [0x29810000, 0x29cbd098, 0x29cbd200, 0x2a2c0000)
 compacting perm gen  total 12288K, used 3760K [0x342c0000, 0x34ec0000, 0x382c0000)
   the space 12288K,  30% used [0x342c0000, 0x3466c178, 0x3466c200, 0x34ec0000)
    ro space 10240K,  41% used [0x382c0000, 0x386f2050, 0x386f2200, 0x38cc0000)
    rw space 12288K,  52% used [0x38cc0000, 0x39306800, 0x39306800, 0x398c0000)
Event: 9.591 GC heap after
Heap after GC invocations=26 (full 0):
 def new generation   total 4928K, used 75K [0x242c0000, 0x24810000, 0x29810000)
  eden space 4416K,   0% used [0x242c0000, 0x242c0000, 0x24710000)
  from space 512K,  14% used [0x24710000, 0x24722fa0, 0x24790000)
  to   space 512K,   0% used [0x24790000, 0x24790000, 0x24810000)
 tenured generation   total 10944K, used 5099K [0x29810000, 0x2a2c0000, 0x342c0000)
   the space 10944K,  46% used [0x29810000, 0x29d0af88, 0x29d0b000, 0x2a2c0000)
 compacting perm gen  total 12288K, used 3760K [0x342c0000, 0x34ec0000, 0x382c0000)
   the space 12288K,  30% used [0x342c0000, 0x3466c178, 0x3466c200, 0x34ec0000)
    ro space 10240K,  41% used [0x382c0000, 0x386f2050, 0x386f2200, 0x38cc0000)
    rw space 12288K,  52% used [0x38cc0000, 0x39306800, 0x39306800, 0x398c0000)
}
Event: 12.984 GC heap before
{Heap before GC invocations=26 (full 0):
 def new generation   total 4928K, used 4491K [0x242c0000, 0x24810000, 0x29810000)
  eden space 4416K, 100% used [0x242c0000, 0x24710000, 0x24710000)
  from space 512K,  14% used [0x24710000, 0x24722fa0, 0x24790000)
  to   space 512K,   0% used [0x24790000, 0x24790000, 0x24810000)
 tenured generation   total 10944K, used 5099K [0x29810000, 0x2a2c0000, 0x342c0000)
   the space 10944K,  46% used [0x29810000, 0x29d0af88, 0x29d0b000, 0x2a2c0000)
 compacting perm gen  total 12288K, used 3760K [0x342c0000, 0x34ec0000, 0x382c0000)
   the space 12288K,  30% used [0x342c0000, 0x3466c1a8, 0x3466c200, 0x34ec0000)
    ro space 10240K,  41% used [0x382c0000, 0x386f2050, 0x386f2200, 0x38cc0000)
    rw space 12288K,  52% used [0x38cc0000, 0x39306800, 0x39306800, 0x398c0000)
Event: 12.996 GC heap after
Heap after GC invocations=27 (full 0):
 def new generation   total 4928K, used 147K [0x242c0000, 0x24810000, 0x29810000)
  eden space 4416K,   0% used [0x242c0000, 0x242c0000, 0x24710000)
  from space 512K,  28% used [0x24790000, 0x247b4eb8, 0x24810000)
  to   space 512K,   0% used [0x24710000, 0x24710000, 0x24790000)
 tenured generation   total 10944K, used 5099K [0x29810000, 0x2a2c0000, 0x342c0000)
   the space 10944K,  46% used [0x29810000, 0x29d0af88, 0x29d0b000, 0x2a2c0000)
 compacting perm gen  total 12288K, used 3760K [0x342c0000, 0x34ec0000, 0x382c0000)
   the space 12288K,  30% used [0x342c0000, 0x3466c1a8, 0x3466c200, 0x34ec0000)
    ro space 10240K,  41% used [0x382c0000, 0x386f2050, 0x386f2200, 0x38cc0000)
    rw space 12288K,  52% used [0x38cc0000, 0x39306800, 0x39306800, 0x398c0000)
}
Event: 19.969 GC heap before
{Heap before GC invocations=27 (full 0):
 def new generation   total 4928K, used 4563K [0x242c0000, 0x24810000, 0x29810000)
  eden space 4416K, 100% used [0x242c0000, 0x24710000, 0x24710000)
  from space 512K,  28% used [0x24790000, 0x247b4eb8, 0x24810000)
  to   space 512K,   0% used [0x24710000, 0x24710000, 0x24790000)
 tenured generation   total 10944K, used 5099K [0x29810000, 0x2a2c0000, 0x342c0000)
   the space 10944K,  46% used [0x29810000, 0x29d0af88, 0x29d0b000, 0x2a2c0000)
 compacting perm gen  total 12288K, used 3761K [0x342c0000, 0x34ec0000, 0x382c0000)
   the space 12288K,  30% used [0x342c0000, 0x3466c5f0, 0x3466c600, 0x34ec0000)
    ro space 10240K,  41% used [0x382c0000, 0x386f2050, 0x386f2200, 0x38cc0000)
    rw space 12288K,  52% used [0x38cc0000, 0x39306800, 0x39306800, 0x398c0000)
Event: 19.972 GC heap after
Heap after GC invocations=28 (full 0):
 def new generation   total 4928K, used 149K [0x242c0000, 0x24810000, 0x29810000)
  eden space 4416K,   0% used [0x242c0000, 0x242c0000, 0x24710000)
  from space 512K,  29% used [0x24710000, 0x247354b8, 0x24790000)
  to   space 512K,   0% used [0x24790000, 0x24790000, 0x24810000)
 tenured generation   total 10944K, used 5099K [0x29810000, 0x2a2c0000, 0x342c0000)
   the space 10944K,  46% used [0x29810000, 0x29d0af88, 0x29d0b000, 0x2a2c0000)
 compacting perm gen  total 12288K, used 3761K [0x342c0000, 0x34ec0000, 0x382c0000)
   the space 12288K,  30% used [0x342c0000, 0x3466c5f0, 0x3466c600, 0x34ec0000)
    ro space 10240K,  41% used [0x382c0000, 0x386f2050, 0x386f2200, 0x38cc0000)
    rw space 12288K,  52% used [0x38cc0000, 0x39306800, 0x39306800, 0x398c0000)
}
Event: 26.824 GC heap before
{Heap before GC invocations=28 (full 0):
 def new generation   total 4928K, used 4565K [0x242c0000, 0x24810000, 0x29810000)
  eden space 4416K, 100% used [0x242c0000, 0x24710000, 0x24710000)
  from space 512K,  29% used [0x24710000, 0x247354b8, 0x24790000)
  to   space 512K,   0% used [0x24790000, 0x24790000, 0x24810000)
 tenured generation   total 10944K, used 5099K [0x29810000, 0x2a2c0000, 0x342c0000)
   the space 10944K,  46% used [0x29810000, 0x29d0af88, 0x29d0b000, 0x2a2c0000)
 compacting perm gen  total 12288K, used 3761K [0x342c0000, 0x34ec0000, 0x382c0000)
   the space 12288K,  30% used [0x342c0000, 0x3466c650, 0x3466c800, 0x34ec0000)
    ro space 10240K,  41% used [0x382c0000, 0x386f2050, 0x386f2200, 0x38cc0000)
    rw space 12288K,  52% used [0x38cc0000, 0x39306800, 0x39306800, 0x398c0000)
Event: 26.829 GC heap after
Heap after GC invocations=29 (full 0):
 def new generation   total 4928K, used 148K [0x242c0000, 0x24810000, 0x29810000)
  eden space 4416K,   0% used [0x242c0000, 0x242c0000, 0x24710000)
  from space 512K,  29% used [0x24790000, 0x247b5340, 0x24810000)
  to   space 512K,   0% used [0x24710000, 0x24710000, 0x24790000)
 tenured generation   total 10944K, used 5099K [0x29810000, 0x2a2c0000, 0x342c0000)
   the space 10944K,  46% used [0x29810000, 0x29d0af88, 0x29d0b000, 0x2a2c0000)
 compacting perm gen  total 12288K, used 3761K [0x342c0000, 0x34ec0000, 0x382c0000)
   the space 12288K,  30% used [0x342c0000, 0x3466c650, 0x3466c800, 0x34ec0000)
    ro space 10240K,  41% used [0x382c0000, 0x386f2050, 0x386f2200, 0x38cc0000)
    rw space 12288K,  52% used [0x38cc0000, 0x39306800, 0x39306800, 0x398c0000)
}

