# JRE version: Java(TM) SE Runtime Environment (7.0_51-b13) (build 1.7.0_51-b13)
# Java VM: Java HotSpot(TM) Client VM (24.51-b03 mixed mode, sharing windows-x86 )
Heap
 def new generation   total 4928K, used 3217K [0x242c0000, 0x24810000, 0x29810000)
  eden space 4416K,  70% used [0x242c0000, 0x245cf1b8, 0x24710000)
  from space 512K,  16% used [0x24710000, 0x247252e8, 0x24790000)
  to   space 512K,   0% used [0x24790000, 0x24790000, 0x24810000)
 tenured generation   total 10944K, used 5057K [0x29810000, 0x2a2c0000, 0x342c0000)
   the space 10944K,  46% used [0x29810000, 0x29d00420, 0x29d00600, 0x2a2c0000)
 compacting perm gen  total 12288K, used 3760K [0x342c0000, 0x34ec0000, 0x382c0000)
   the space 12288K,  30% used [0x342c0000, 0x3466c1e8, 0x3466c200, 0x34ec0000)
    ro space 10240K,  41% used [0x382c0000, 0x386f2050, 0x386f2200, 0x38cc0000)
    rw space 12288K,  52% used [0x38cc0000, 0x39306800, 0x39306800, 0x398c0000)
GC Heap History (10 events):
Event: 1.562 GC heap before
{Heap before GC invocations=21 (full 0):
 def new generation   total 4928K, used 4430K [0x242c0000, 0x24810000, 0x29810000)
  eden space 4416K, 100% used [0x242c0000, 0x24710000, 0x24710000)
  from space 512K,   2% used [0x24790000, 0x24793888, 0x24810000)
  to   space 512K,   0% used [0x24710000, 0x24710000, 0x24790000)
 tenured generation   total 10944K, used 3973K [0x29810000, 0x2a2c0000, 0x342c0000)
   the space 10944K,  36% used [0x29810000, 0x29bf16e8, 0x29bf1800, 0x2a2c0000)
 compacting perm gen  total 12288K, used 3584K [0x342c0000, 0x34ec0000, 0x382c0000)
   the space 12288K,  29% used [0x342c0000, 0x346400f0, 0x34640200, 0x34ec0000)
    ro space 10240K,  41% used [0x382c0000, 0x386f2050, 0x386f2200, 0x38cc0000)
    rw space 12288K,  52% used [0x38cc0000, 0x39306800, 0x39306800, 0x398c0000)
Event: 1.562 GC heap after
Heap after GC invocations=22 (full 0):
 def new generation   total 4928K, used 24K [0x242c0000, 0x24810000, 0x29810000)
  eden space 4416K,   0% used [0x242c0000, 0x242c0000, 0x24710000)
  from space 512K,   4% used [0x24710000, 0x24716188, 0x24790000)
  to   space 512K,   0% used [0x24790000, 0x24790000, 0x24810000)
 tenured generation   total 10944K, used 3973K [0x29810000, 0x2a2c0000, 0x342c0000)
   the space 10944K,  36% used [0x29810000, 0x29bf16e8, 0x29bf1800, 0x2a2c0000)
 compacting perm gen  total 12288K, used 3584K [0x342c0000, 0x34ec0000, 0x382c0000)
   the space 12288K,  29% used [0x342c0000, 0x346400f0, 0x34640200, 0x34ec0000)
    ro space 10240K,  41% used [0x382c0000, 0x386f2050, 0x386f2200, 0x38cc0000)
    rw space 12288K,  52% used [0x38cc0000, 0x39306800, 0x39306800, 0x398c0000)
}
Event: 1.577 GC heap before
{Heap before GC invocations=22 (full 0):
 def new generation   total 4928K, used 4440K [0x242c0000, 0x24810000, 0x29810000)
  eden space 4416K, 100% used [0x242c0000, 0x24710000, 0x24710000)
  from space 512K,   4% used [0x24710000, 0x24716188, 0x24790000)
  to   space 512K,   0% used [0x24790000, 0x24790000, 0x24810000)
 tenured generation   total 10944K, used 3973K [0x29810000, 0x2a2c0000, 0x342c0000)
   the space 10944K,  36% used [0x29810000, 0x29bf16e8, 0x29bf1800, 0x2a2c0000)
 compacting perm gen  total 12288K, used 3594K [0x342c0000, 0x34ec0000, 0x382c0000)
   the space 12288K,  29% used [0x342c0000, 0x346429a8, 0x34642a00, 0x34ec0000)
    ro space 10240K,  41% used [0x382c0000, 0x386f2050, 0x386f2200, 0x38cc0000)
    rw space 12288K,  52% used [0x38cc0000, 0x39306800, 0x39306800, 0x398c0000)
Event: 1.578 GC heap after
Heap after GC invocations=23 (full 0):
 def new generation   total 4928K, used 136K [0x242c0000, 0x24810000, 0x29810000)
  eden space 4416K,   0% used [0x242c0000, 0x242c0000, 0x24710000)
  from space 512K,  26% used [0x24790000, 0x247b2230, 0x24810000)
  to   space 512K,   0% used [0x24710000, 0x24710000, 0x24790000)
 tenured generation   total 10944K, used 3973K [0x29810000, 0x2a2c0000, 0x342c0000)
   the space 10944K,  36% used [0x29810000, 0x29bf16e8, 0x29bf1800, 0x2a2c0000)
 compacting perm gen  total 12288K, used 3594K [0x342c0000, 0x34ec0000, 0x382c0000)
   the space 12288K,  29% used [0x342c0000, 0x346429a8, 0x34642a00, 0x34ec0000)
    ro space 10240K,  41% used [0x382c0000, 0x386f2050, 0x386f2200, 0x38cc0000)
    rw space 12288K,  52% used [0x38cc0000, 0x39306800, 0x39306800, 0x398c0000)
}
Event: 4.095 GC heap before
{Heap before GC invocations=23 (full 0):
 def new generation   total 4928K, used 4552K [0x242c0000, 0x24810000, 0x29810000)
  eden space 4416K, 100% used [0x242c0000, 0x24710000, 0x24710000)
  from space 512K,  26% used [0x24790000, 0x247b2230, 0x24810000)
  to   space 512K,   0% used [0x24710000, 0x24710000, 0x24790000)
 tenured generation   total 10944K, used 3973K [0x29810000, 0x2a2c0000, 0x342c0000)
   the space 10944K,  36% used [0x29810000, 0x29bf16e8, 0x29bf1800, 0x2a2c0000)
 compacting perm gen  total 12288K, used 3716K [0x342c0000, 0x34ec0000, 0x382c0000)
   the space 12288K,  30% used [0x342c0000, 0x346611a0, 0x34661200, 0x34ec0000)
    ro space 10240K,  41% used [0x382c0000, 0x386f2050, 0x386f2200, 0x38cc0000)
    rw space 12288K,  52% used [0x38cc0000, 0x39306800, 0x39306800, 0x398c0000)
Event: 4.101 GC heap after
Heap after GC invocations=24 (full 0):
 def new generation   total 4928K, used 512K [0x242c0000, 0x24810000, 0x29810000)
  eden space 4416K,   0% used [0x242c0000, 0x242c0000, 0x24710000)
  from space 512K, 100% used [0x24710000, 0x24790000, 0x24790000)
  to   space 512K,   0% used [0x24790000, 0x24790000, 0x24810000)
 tenured generation   total 10944K, used 4275K [0x29810000, 0x2a2c0000, 0x342c0000)
   the space 10944K,  39% used [0x29810000, 0x29c3ccf0, 0x29c3ce00, 0x2a2c0000)
 compacting perm gen  total 12288K, used 3716K [0x342c0000, 0x34ec0000, 0x382c0000)
   the space 12288K,  30% used [0x342c0000, 0x346611a0, 0x34661200, 0x34ec0000)
    ro space 10240K,  41% used [0x382c0000, 0x386f2050, 0x386f2200, 0x38cc0000)
    rw space 12288K,  52% used [0x38cc0000, 0x39306800, 0x39306800, 0x398c0000)
}
Event: 5.220 GC heap before
{Heap before GC invocations=24 (full 0):
 def new generation   total 4928K, used 4928K [0x242c0000, 0x24810000, 0x29810000)
  eden space 4416K, 100% used [0x242c0000, 0x24710000, 0x24710000)
  from space 512K, 100% used [0x24710000, 0x24790000, 0x24790000)
  to   space 512K,   0% used [0x24790000, 0x24790000, 0x24810000)
 tenured generation   total 10944K, used 4275K [0x29810000, 0x2a2c0000, 0x342c0000)
   the space 10944K,  39% used [0x29810000, 0x29c3ccf0, 0x29c3ce00, 0x2a2c0000)
 compacting perm gen  total 12288K, used 3750K [0x342c0000, 0x34ec0000, 0x382c0000)
   the space 12288K,  30% used [0x342c0000, 0x34669880, 0x34669a00, 0x34ec0000)
    ro space 10240K,  41% used [0x382c0000, 0x386f2050, 0x386f2200, 0x38cc0000)
    rw space 12288K,  52% used [0x38cc0000, 0x39306800, 0x39306800, 0x398c0000)
Event: 5.226 GC heap after
Heap after GC invocations=25 (full 0):
 def new generation   total 4928K, used 295K [0x242c0000, 0x24810000, 0x29810000)
  eden space 4416K,   0% used [0x242c0000, 0x242c0000, 0x24710000)
  from space 512K,  57% used [0x24790000, 0x247d9eb8, 0x24810000)
  to   space 512K,   0% used [0x24710000, 0x24710000, 0x24790000)
 tenured generation   total 10944K, used 4782K [0x29810000, 0x2a2c0000, 0x342c0000)
   the space 10944K,  43% used [0x29810000, 0x29cbb8f8, 0x29cbba00, 0x2a2c0000)
 compacting perm gen  total 12288K, used 3750K [0x342c0000, 0x34ec0000, 0x382c0000)
   the space 12288K,  30% used [0x342c0000, 0x34669880, 0x34669a00, 0x34ec0000)
    ro space 10240K,  41% used [0x382c0000, 0x386f2050, 0x386f2200, 0x38cc0000)
    rw space 12288K,  52% used [0x38cc0000, 0x39306800, 0x39306800, 0x398c0000)
}
Event: 9.624 GC heap before
{Heap before GC invocations=25 (full 0):
 def new generation   total 4928K, used 4711K [0x242c0000, 0x24810000, 0x29810000)
  eden space 4416K, 100% used [0x242c0000, 0x24710000, 0x24710000)
  from space 512K,  57% used [0x24790000, 0x247d9eb8, 0x24810000)
  to   space 512K,   0% used [0x24710000, 0x24710000, 0x24790000)
 tenured generation   total 10944K, used 4782K [0x29810000, 0x2a2c0000, 0x342c0000)
   the space 10944K,  43% used [0x29810000, 0x29cbb8f8, 0x29cbba00, 0x2a2c0000)
 compacting perm gen  total 12288K, used 3760K [0x342c0000, 0x34ec0000, 0x382c0000)
   the space 12288K,  30% used [0x342c0000, 0x3466c1b8, 0x3466c200, 0x34ec0000)
    ro space 10240K,  41% used [0x382c0000, 0x386f2050, 0x386f2200, 0x38cc0000)
    rw space 12288K,  52% used [0x38cc0000, 0x39306800, 0x39306800, 0x398c0000)
Event: 9.630 GC heap after
Heap after GC invocations=26 (full 0):
 def new generation   total 4928K, used 84K [0x242c0000, 0x24810000, 0x29810000)
  eden space 4416K,   0% used [0x242c0000, 0x242c0000, 0x24710000)
  from space 512K,  16% used [0x24710000, 0x247252e8, 0x24790000)
  to   space 512K,   0% used [0x24790000, 0x24790000, 0x24810000)
 tenured generation   total 10944K, used 5057K [0x29810000, 0x2a2c0000, 0x342c0000)
   the space 10944K,  46% used [0x29810000, 0x29d00420, 0x29d00600, 0x2a2c0000)
 compacting perm gen  total 12288K, used 3760K [0x342c0000, 0x34ec0000, 0x382c0000)
   the space 12288K,  30% used [0x342c0000, 0x3466c1b8, 0x3466c200, 0x34ec0000)
    ro space 10240K,  41% used [0x382c0000, 0x386f2050, 0x386f2200, 0x38cc0000)
    rw space 12288K,  52% used [0x38cc0000, 0x39306800, 0x39306800, 0x398c0000)
}

