# JRE version: Java(TM) SE Runtime Environment (7.0_51-b13) (build 1.7.0_51-b13)
# Java VM: Java HotSpot(TM) Client VM (24.51-b03 mixed mode, sharing windows-x86 )
Heap
 def new generation   total 4928K, used 3171K [0x242c0000, 0x24810000, 0x29810000)
  eden space 4416K,  66% used [0x242c0000, 0x2459d290, 0x24710000)
  from space 512K,  46% used [0x24710000, 0x2474bb38, 0x24790000)
  to   space 512K,   0% used [0x24790000, 0x24790000, 0x24810000)
 tenured generation   total 10944K, used 4939K [0x29810000, 0x2a2c0000, 0x342c0000)
   the space 10944K,  45% used [0x29810000, 0x29ce2f40, 0x29ce3000, 0x2a2c0000)
 compacting perm gen  total 12288K, used 3761K [0x342c0000, 0x34ec0000, 0x382c0000)
   the space 12288K,  30% used [0x342c0000, 0x3466c640, 0x3466c800, 0x34ec0000)
    ro space 10240K,  41% used [0x382c0000, 0x386f2050, 0x386f2200, 0x38cc0000)
    rw space 12288K,  52% used [0x38cc0000, 0x39306800, 0x39306800, 0x398c0000)
GC Heap History (10 events):
Event: 3.945 GC heap before
{Heap before GC invocations=23 (full 0):
 def new generation   total 4928K, used 4542K [0x242c0000, 0x24810000, 0x29810000)
  eden space 4416K, 100% used [0x242c0000, 0x24710000, 0x24710000)
  from space 512K,  24% used [0x24790000, 0x247af8a8, 0x24810000)
  to   space 512K,   0% used [0x24710000, 0x24710000, 0x24790000)
 tenured generation   total 10944K, used 4014K [0x29810000, 0x2a2c0000, 0x342c0000)
   the space 10944K,  36% used [0x29810000, 0x29bfb988, 0x29bfba00, 0x2a2c0000)
 compacting perm gen  total 12288K, used 3716K [0x342c0000, 0x34ec0000, 0x382c0000)
   the space 12288K,  30% used [0x342c0000, 0x346611c0, 0x34661200, 0x34ec0000)
    ro space 10240K,  41% used [0x382c0000, 0x386f2050, 0x386f2200, 0x38cc0000)
    rw space 12288K,  52% used [0x38cc0000, 0x39306800, 0x39306800, 0x398c0000)
Event: 3.948 GC heap after
Heap after GC invocations=24 (full 0):
 def new generation   total 4928K, used 512K [0x242c0000, 0x24810000, 0x29810000)
  eden space 4416K,   0% used [0x242c0000, 0x242c0000, 0x24710000)
  from space 512K, 100% used [0x24710000, 0x24790000, 0x24790000)
  to   space 512K,   0% used [0x24790000, 0x24790000, 0x24810000)
 tenured generation   total 10944K, used 4286K [0x29810000, 0x2a2c0000, 0x342c0000)
   the space 10944K,  39% used [0x29810000, 0x29c3fa30, 0x29c3fc00, 0x2a2c0000)
 compacting perm gen  total 12288K, used 3716K [0x342c0000, 0x34ec0000, 0x382c0000)
   the space 12288K,  30% used [0x342c0000, 0x346611c0, 0x34661200, 0x34ec0000)
    ro space 10240K,  41% used [0x382c0000, 0x386f2050, 0x386f2200, 0x38cc0000)
    rw space 12288K,  52% used [0x38cc0000, 0x39306800, 0x39306800, 0x398c0000)
}
Event: 11.023 GC heap before
{Heap before GC invocations=24 (full 0):
 def new generation   total 4928K, used 4928K [0x242c0000, 0x24810000, 0x29810000)
  eden space 4416K, 100% used [0x242c0000, 0x24710000, 0x24710000)
  from space 512K, 100% used [0x24710000, 0x24790000, 0x24790000)
  to   space 512K,   0% used [0x24790000, 0x24790000, 0x24810000)
 tenured generation   total 10944K, used 4286K [0x29810000, 0x2a2c0000, 0x342c0000)
   the space 10944K,  39% used [0x29810000, 0x29c3fa30, 0x29c3fc00, 0x2a2c0000)
 compacting perm gen  total 12288K, used 3743K [0x342c0000, 0x34ec0000, 0x382c0000)
   the space 12288K,  30% used [0x342c0000, 0x34667d58, 0x34667e00, 0x34ec0000)
    ro space 10240K,  41% used [0x382c0000, 0x386f2050, 0x386f2200, 0x38cc0000)
    rw space 12288K,  52% used [0x38cc0000, 0x39306800, 0x39306800, 0x398c0000)
Event: 11.029 GC heap after
Heap after GC invocations=25 (full 0):
 def new generation   total 4928K, used 168K [0x242c0000, 0x24810000, 0x29810000)
  eden space 4416K,   0% used [0x242c0000, 0x242c0000, 0x24710000)
  from space 512K,  32% used [0x24790000, 0x247ba0a0, 0x24810000)
  to   space 512K,   0% used [0x24710000, 0x24710000, 0x24790000)
 tenured generation   total 10944K, used 4796K [0x29810000, 0x2a2c0000, 0x342c0000)
   the space 10944K,  43% used [0x29810000, 0x29cbf0e0, 0x29cbf200, 0x2a2c0000)
 compacting perm gen  total 12288K, used 3743K [0x342c0000, 0x34ec0000, 0x382c0000)
   the space 12288K,  30% used [0x342c0000, 0x34667d58, 0x34667e00, 0x34ec0000)
    ro space 10240K,  41% used [0x382c0000, 0x386f2050, 0x386f2200, 0x38cc0000)
    rw space 12288K,  52% used [0x38cc0000, 0x39306800, 0x39306800, 0x398c0000)
}
Event: 11.627 GC heap before
{Heap before GC invocations=25 (full 0):
 def new generation   total 4928K, used 4584K [0x242c0000, 0x24810000, 0x29810000)
  eden space 4416K, 100% used [0x242c0000, 0x24710000, 0x24710000)
  from space 512K,  32% used [0x24790000, 0x247ba0a0, 0x24810000)
  to   space 512K,   0% used [0x24710000, 0x24710000, 0x24790000)
 tenured generation   total 10944K, used 4796K [0x29810000, 0x2a2c0000, 0x342c0000)
   the space 10944K,  43% used [0x29810000, 0x29cbf0e0, 0x29cbf200, 0x2a2c0000)
 compacting perm gen  total 12288K, used 3752K [0x342c0000, 0x34ec0000, 0x382c0000)
   the space 12288K,  30% used [0x342c0000, 0x3466a320, 0x3466a400, 0x34ec0000)
    ro space 10240K,  41% used [0x382c0000, 0x386f2050, 0x386f2200, 0x38cc0000)
    rw space 12288K,  52% used [0x38cc0000, 0x39306800, 0x39306800, 0x398c0000)
Event: 11.632 GC heap after
Heap after GC invocations=26 (full 0):
 def new generation   total 4928K, used 380K [0x242c0000, 0x24810000, 0x29810000)
  eden space 4416K,   0% used [0x242c0000, 0x242c0000, 0x24710000)
  from space 512K,  74% used [0x24710000, 0x2476f188, 0x24790000)
  to   space 512K,   0% used [0x24790000, 0x24790000, 0x24810000)
 tenured generation   total 10944K, used 4796K [0x29810000, 0x2a2c0000, 0x342c0000)
   the space 10944K,  43% used [0x29810000, 0x29cbf0e0, 0x29cbf200, 0x2a2c0000)
 compacting perm gen  total 12288K, used 3752K [0x342c0000, 0x34ec0000, 0x382c0000)
   the space 12288K,  30% used [0x342c0000, 0x3466a320, 0x3466a400, 0x34ec0000)
    ro space 10240K,  41% used [0x382c0000, 0x386f2050, 0x386f2200, 0x38cc0000)
    rw space 12288K,  52% used [0x38cc0000, 0x39306800, 0x39306800, 0x398c0000)
}
Event: 17.368 GC heap before
{Heap before GC invocations=26 (full 0):
 def new generation   total 4928K, used 4796K [0x242c0000, 0x24810000, 0x29810000)
  eden space 4416K, 100% used [0x242c0000, 0x24710000, 0x24710000)
  from space 512K,  74% used [0x24710000, 0x2476f188, 0x24790000)
  to   space 512K,   0% used [0x24790000, 0x24790000, 0x24810000)
 tenured generation   total 10944K, used 4796K [0x29810000, 0x2a2c0000, 0x342c0000)
   the space 10944K,  43% used [0x29810000, 0x29cbf0e0, 0x29cbf200, 0x2a2c0000)
 compacting perm gen  total 12288K, used 3761K [0x342c0000, 0x34ec0000, 0x382c0000)
   the space 12288K,  30% used [0x342c0000, 0x3466c5d0, 0x3466c600, 0x34ec0000)
    ro space 10240K,  41% used [0x382c0000, 0x386f2050, 0x386f2200, 0x38cc0000)
    rw space 12288K,  52% used [0x38cc0000, 0x39306800, 0x39306800, 0x398c0000)
Event: 17.370 GC heap after
Heap after GC invocations=27 (full 0):
 def new generation   total 4928K, used 238K [0x242c0000, 0x24810000, 0x29810000)
  eden space 4416K,   0% used [0x242c0000, 0x242c0000, 0x24710000)
  from space 512K,  46% used [0x24790000, 0x247cba28, 0x24810000)
  to   space 512K,   0% used [0x24710000, 0x24710000, 0x24790000)
 tenured generation   total 10944K, used 4939K [0x29810000, 0x2a2c0000, 0x342c0000)
   the space 10944K,  45% used [0x29810000, 0x29ce2f40, 0x29ce3000, 0x2a2c0000)
 compacting perm gen  total 12288K, used 3761K [0x342c0000, 0x34ec0000, 0x382c0000)
   the space 12288K,  30% used [0x342c0000, 0x3466c5d0, 0x3466c600, 0x34ec0000)
    ro space 10240K,  41% used [0x382c0000, 0x386f2050, 0x386f2200, 0x38cc0000)
    rw space 12288K,  52% used [0x38cc0000, 0x39306800, 0x39306800, 0x398c0000)
}
Event: 23.140 GC heap before
{Heap before GC invocations=27 (full 0):
 def new generation   total 4928K, used 4654K [0x242c0000, 0x24810000, 0x29810000)
  eden space 4416K, 100% used [0x242c0000, 0x24710000, 0x24710000)
  from space 512K,  46% used [0x24790000, 0x247cba28, 0x24810000)
  to   space 512K,   0% used [0x24710000, 0x24710000, 0x24790000)
 tenured generation   total 10944K, used 4939K [0x29810000, 0x2a2c0000, 0x342c0000)
   the space 10944K,  45% used [0x29810000, 0x29ce2f40, 0x29ce3000, 0x2a2c0000)
 compacting perm gen  total 12288K, used 3761K [0x342c0000, 0x34ec0000, 0x382c0000)
   the space 12288K,  30% used [0x342c0000, 0x3466c640, 0x3466c800, 0x34ec0000)
    ro space 10240K,  41% used [0x382c0000, 0x386f2050, 0x386f2200, 0x38cc0000)
    rw space 12288K,  52% used [0x38cc0000, 0x39306800, 0x39306800, 0x398c0000)
Event: 23.146 GC heap after
Heap after GC invocations=28 (full 0):
 def new generation   total 4928K, used 238K [0x242c0000, 0x24810000, 0x29810000)
  eden space 4416K,   0% used [0x242c0000, 0x242c0000, 0x24710000)
  from space 512K,  46% used [0x24710000, 0x2474bb38, 0x24790000)
  to   space 512K,   0% used [0x24790000, 0x24790000, 0x24810000)
 tenured generation   total 10944K, used 4939K [0x29810000, 0x2a2c0000, 0x342c0000)
   the space 10944K,  45% used [0x29810000, 0x29ce2f40, 0x29ce3000, 0x2a2c0000)
 compacting perm gen  total 12288K, used 3761K [0x342c0000, 0x34ec0000, 0x382c0000)
   the space 12288K,  30% used [0x342c0000, 0x3466c640, 0x3466c800, 0x34ec0000)
    ro space 10240K,  41% used [0x382c0000, 0x386f2050, 0x386f2200, 0x38cc0000)
    rw space 12288K,  52% used [0x38cc0000, 0x39306800, 0x39306800, 0x398c0000)
}

