# JRE version: Java(TM) SE Runtime Environment (7.0_51-b13) (build 1.7.0_51-b13)
# Java VM: Java HotSpot(TM) Client VM (24.51-b03 mixed mode, sharing windows-x86 )
Heap
 def new generation   total 4928K, used 4032K [0x242c0000, 0x24810000, 0x29810000)
  eden space 4416K,  87% used [0x242c0000, 0x24682da0, 0x24710000)
  from space 512K,  35% used [0x24710000, 0x2473d450, 0x24790000)
  to   space 512K,   0% used [0x24790000, 0x24790000, 0x24810000)
 tenured generation   total 10944K, used 4951K [0x29810000, 0x2a2c0000, 0x342c0000)
   the space 10944K,  45% used [0x29810000, 0x29ce5f20, 0x29ce6000, 0x2a2c0000)
 compacting perm gen  total 12288K, used 3950K [0x342c0000, 0x34ec0000, 0x382c0000)
   the space 12288K,  32% used [0x342c0000, 0x3469b9f0, 0x3469ba00, 0x34ec0000)
    ro space 10240K,  41% used [0x382c0000, 0x386f2050, 0x386f2200, 0x38cc0000)
    rw space 12288K,  52% used [0x38cc0000, 0x39306800, 0x39306800, 0x398c0000)
GC Heap History (10 events):
Event: 67.527 GC heap before
{Heap before GC invocations=31 (full 0):
 def new generation   total 4928K, used 4792K [0x242c0000, 0x24810000, 0x29810000)
  eden space 4416K, 100% used [0x242c0000, 0x24710000, 0x24710000)
  from space 512K,  73% used [0x24790000, 0x247ee3a0, 0x24810000)
  to   space 512K,   0% used [0x24710000, 0x24710000, 0x24790000)
 tenured generation   total 10944K, used 4755K [0x29810000, 0x2a2c0000, 0x342c0000)
   the space 10944K,  43% used [0x29810000, 0x29cb4fd8, 0x29cb5000, 0x2a2c0000)
 compacting perm gen  total 12288K, used 3950K [0x342c0000, 0x34ec0000, 0x382c0000)
   the space 12288K,  32% used [0x342c0000, 0x3469b900, 0x3469ba00, 0x34ec0000)
    ro space 10240K,  41% used [0x382c0000, 0x386f2050, 0x386f2200, 0x38cc0000)
    rw space 12288K,  52% used [0x38cc0000, 0x39306800, 0x39306800, 0x398c0000)
Event: 67.531 GC heap after
Heap after GC invocations=32 (full 0):
 def new generation   total 4928K, used 179K [0x242c0000, 0x24810000, 0x29810000)
  eden space 4416K,   0% used [0x242c0000, 0x242c0000, 0x24710000)
  from space 512K,  35% used [0x24710000, 0x2473cdc8, 0x24790000)
  to   space 512K,   0% used [0x24790000, 0x24790000, 0x24810000)
 tenured generation   total 10944K, used 4951K [0x29810000, 0x2a2c0000, 0x342c0000)
   the space 10944K,  45% used [0x29810000, 0x29ce5f20, 0x29ce6000, 0x2a2c0000)
 compacting perm gen  total 12288K, used 3950K [0x342c0000, 0x34ec0000, 0x382c0000)
   the space 12288K,  32% used [0x342c0000, 0x3469b900, 0x3469ba00, 0x34ec0000)
    ro space 10240K,  41% used [0x382c0000, 0x386f2050, 0x386f2200, 0x38cc0000)
    rw space 12288K,  52% used [0x38cc0000, 0x39306800, 0x39306800, 0x398c0000)
}
Event: 73.180 GC heap before
{Heap before GC invocations=32 (full 0):
 def new generation   total 4928K, used 4595K [0x242c0000, 0x24810000, 0x29810000)
  eden space 4416K, 100% used [0x242c0000, 0x24710000, 0x24710000)
  from space 512K,  35% used [0x24710000, 0x2473cdc8, 0x24790000)
  to   space 512K,   0% used [0x24790000, 0x24790000, 0x24810000)
 tenured generation   total 10944K, used 4951K [0x29810000, 0x2a2c0000, 0x342c0000)
   the space 10944K,  45% used [0x29810000, 0x29ce5f20, 0x29ce6000, 0x2a2c0000)
 compacting perm gen  total 12288K, used 3950K [0x342c0000, 0x34ec0000, 0x382c0000)
   the space 12288K,  32% used [0x342c0000, 0x3469b910, 0x3469ba00, 0x34ec0000)
    ro space 10240K,  41% used [0x382c0000, 0x386f2050, 0x386f2200, 0x38cc0000)
    rw space 12288K,  52% used [0x38cc0000, 0x39306800, 0x39306800, 0x398c0000)
Event: 73.182 GC heap after
Heap after GC invocations=33 (full 0):
 def new generation   total 4928K, used 178K [0x242c0000, 0x24810000, 0x29810000)
  eden space 4416K,   0% used [0x242c0000, 0x242c0000, 0x24710000)
  from space 512K,  34% used [0x24790000, 0x247bca60, 0x24810000)
  to   space 512K,   0% used [0x24710000, 0x24710000, 0x24790000)
 tenured generation   total 10944K, used 4951K [0x29810000, 0x2a2c0000, 0x342c0000)
   the space 10944K,  45% used [0x29810000, 0x29ce5f20, 0x29ce6000, 0x2a2c0000)
 compacting perm gen  total 12288K, used 3950K [0x342c0000, 0x34ec0000, 0x382c0000)
   the space 12288K,  32% used [0x342c0000, 0x3469b910, 0x3469ba00, 0x34ec0000)
    ro space 10240K,  41% used [0x382c0000, 0x386f2050, 0x386f2200, 0x38cc0000)
    rw space 12288K,  52% used [0x38cc0000, 0x39306800, 0x39306800, 0x398c0000)
}
Event: 78.823 GC heap before
{Heap before GC invocations=33 (full 0):
 def new generation   total 4928K, used 4594K [0x242c0000, 0x24810000, 0x29810000)
  eden space 4416K, 100% used [0x242c0000, 0x24710000, 0x24710000)
  from space 512K,  34% used [0x24790000, 0x247bca60, 0x24810000)
  to   space 512K,   0% used [0x24710000, 0x24710000, 0x24790000)
 tenured generation   total 10944K, used 4951K [0x29810000, 0x2a2c0000, 0x342c0000)
   the space 10944K,  45% used [0x29810000, 0x29ce5f20, 0x29ce6000, 0x2a2c0000)
 compacting perm gen  total 12288K, used 3950K [0x342c0000, 0x34ec0000, 0x382c0000)
   the space 12288K,  32% used [0x342c0000, 0x3469b910, 0x3469ba00, 0x34ec0000)
    ro space 10240K,  41% used [0x382c0000, 0x386f2050, 0x386f2200, 0x38cc0000)
    rw space 12288K,  52% used [0x38cc0000, 0x39306800, 0x39306800, 0x398c0000)
Event: 78.836 GC heap after
Heap after GC invocations=34 (full 0):
 def new generation   total 4928K, used 179K [0x242c0000, 0x24810000, 0x29810000)
  eden space 4416K,   0% used [0x242c0000, 0x242c0000, 0x24710000)
  from space 512K,  35% used [0x24710000, 0x2473cff0, 0x24790000)
  to   space 512K,   0% used [0x24790000, 0x24790000, 0x24810000)
 tenured generation   total 10944K, used 4951K [0x29810000, 0x2a2c0000, 0x342c0000)
   the space 10944K,  45% used [0x29810000, 0x29ce5f20, 0x29ce6000, 0x2a2c0000)
 compacting perm gen  total 12288K, used 3950K [0x342c0000, 0x34ec0000, 0x382c0000)
   the space 12288K,  32% used [0x342c0000, 0x3469b910, 0x3469ba00, 0x34ec0000)
    ro space 10240K,  41% used [0x382c0000, 0x386f2050, 0x386f2200, 0x38cc0000)
    rw space 12288K,  52% used [0x38cc0000, 0x39306800, 0x39306800, 0x398c0000)
}
Event: 84.575 GC heap before
{Heap before GC invocations=34 (full 0):
 def new generation   total 4928K, used 4595K [0x242c0000, 0x24810000, 0x29810000)
  eden space 4416K, 100% used [0x242c0000, 0x24710000, 0x24710000)
  from space 512K,  35% used [0x24710000, 0x2473cff0, 0x24790000)
  to   space 512K,   0% used [0x24790000, 0x24790000, 0x24810000)
 tenured generation   total 10944K, used 4951K [0x29810000, 0x2a2c0000, 0x342c0000)
   the space 10944K,  45% used [0x29810000, 0x29ce5f20, 0x29ce6000, 0x2a2c0000)
 compacting perm gen  total 12288K, used 3950K [0x342c0000, 0x34ec0000, 0x382c0000)
   the space 12288K,  32% used [0x342c0000, 0x3469b950, 0x3469ba00, 0x34ec0000)
    ro space 10240K,  41% used [0x382c0000, 0x386f2050, 0x386f2200, 0x38cc0000)
    rw space 12288K,  52% used [0x38cc0000, 0x39306800, 0x39306800, 0x398c0000)
Event: 84.577 GC heap after
Heap after GC invocations=35 (full 0):
 def new generation   total 4928K, used 180K [0x242c0000, 0x24810000, 0x29810000)
  eden space 4416K,   0% used [0x242c0000, 0x242c0000, 0x24710000)
  from space 512K,  35% used [0x24790000, 0x247bd2d8, 0x24810000)
  to   space 512K,   0% used [0x24710000, 0x24710000, 0x24790000)
 tenured generation   total 10944K, used 4951K [0x29810000, 0x2a2c0000, 0x342c0000)
   the space 10944K,  45% used [0x29810000, 0x29ce5f20, 0x29ce6000, 0x2a2c0000)
 compacting perm gen  total 12288K, used 3950K [0x342c0000, 0x34ec0000, 0x382c0000)
   the space 12288K,  32% used [0x342c0000, 0x3469b950, 0x3469ba00, 0x34ec0000)
    ro space 10240K,  41% used [0x382c0000, 0x386f2050, 0x386f2200, 0x38cc0000)
    rw space 12288K,  52% used [0x38cc0000, 0x39306800, 0x39306800, 0x398c0000)
}
Event: 90.304 GC heap before
{Heap before GC invocations=35 (full 0):
 def new generation   total 4928K, used 4596K [0x242c0000, 0x24810000, 0x29810000)
  eden space 4416K, 100% used [0x242c0000, 0x24710000, 0x24710000)
  from space 512K,  35% used [0x24790000, 0x247bd2d8, 0x24810000)
  to   space 512K,   0% used [0x24710000, 0x24710000, 0x24790000)
 tenured generation   total 10944K, used 4951K [0x29810000, 0x2a2c0000, 0x342c0000)
   the space 10944K,  45% used [0x29810000, 0x29ce5f20, 0x29ce6000, 0x2a2c0000)
 compacting perm gen  total 12288K, used 3950K [0x342c0000, 0x34ec0000, 0x382c0000)
   the space 12288K,  32% used [0x342c0000, 0x3469b990, 0x3469ba00, 0x34ec0000)
    ro space 10240K,  41% used [0x382c0000, 0x386f2050, 0x386f2200, 0x38cc0000)
    rw space 12288K,  52% used [0x38cc0000, 0x39306800, 0x39306800, 0x398c0000)
Event: 90.306 GC heap after
Heap after GC invocations=36 (full 0):
 def new generation   total 4928K, used 181K [0x242c0000, 0x24810000, 0x29810000)
  eden space 4416K,   0% used [0x242c0000, 0x242c0000, 0x24710000)
  from space 512K,  35% used [0x24710000, 0x2473d450, 0x24790000)
  to   space 512K,   0% used [0x24790000, 0x24790000, 0x24810000)
 tenured generation   total 10944K, used 4951K [0x29810000, 0x2a2c0000, 0x342c0000)
   the space 10944K,  45% used [0x29810000, 0x29ce5f20, 0x29ce6000, 0x2a2c0000)
 compacting perm gen  total 12288K, used 3950K [0x342c0000, 0x34ec0000, 0x382c0000)
   the space 12288K,  32% used [0x342c0000, 0x3469b990, 0x3469ba00, 0x34ec0000)
    ro space 10240K,  41% used [0x382c0000, 0x386f2050, 0x386f2200, 0x38cc0000)
    rw space 12288K,  52% used [0x38cc0000, 0x39306800, 0x39306800, 0x398c0000)
}

